{"C:\\Users\\manda\\Documents\\Dossiers Manda\\Ynov\\CICD\\project_CICD\\src\\app.ts": {"path":"C:\\Users\\manda\\Documents\\Dossiers Manda\\Ynov\\CICD\\project_CICD\\src\\app.ts","statementMap":{"0":{"start":{"line":1,"column":0},"end":{"line":1,"column":53}},"1":{"start":{"line":2,"column":0},"end":{"line":2,"column":54}},"2":{"start":{"line":3,"column":0},"end":{"line":3,"column":72}},"3":{"start":{"line":9,"column":28},"end":{"line":9,"column":30}},"4":{"start":{"line":10,"column":44},"end":{"line":10,"column":68}},"5":{"start":{"line":11,"column":54},"end":{"line":11,"column":104}},"6":{"start":{"line":11,"column":83},"end":{"line":11,"column":94}},"7":{"start":{"line":14,"column":12},"end":{"line":14,"column":21}},"8":{"start":{"line":46,"column":9},"end":{"line":46,"column":12}},"9":{"start":{"line":15,"column":0},"end":{"line":15,"column":24}},"10":{"start":{"line":17,"column":18},"end":{"line":17,"column":42}},"11":{"start":{"line":18,"column":21},"end":{"line":18,"column":48}},"12":{"start":{"line":22,"column":0},"end":{"line":24,"column":3}},"13":{"start":{"line":23,"column":2},"end":{"line":23,"column":69}},"14":{"start":{"line":27,"column":0},"end":{"line":44,"column":3}},"15":{"start":{"line":28,"column":32},"end":{"line":28,"column":40}},"16":{"start":{"line":31,"column":2},"end":{"line":33,"column":3}},"17":{"start":{"line":32,"column":4},"end":{"line":32,"column":67}},"18":{"start":{"line":36,"column":19},"end":{"line":36,"column":67}},"19":{"start":{"line":38,"column":2},"end":{"line":43,"column":3}},"20":{"start":{"line":39,"column":18},"end":{"line":39,"column":70}},"21":{"start":{"line":40,"column":4},"end":{"line":40,"column":32}},"22":{"start":{"line":42,"column":4},"end":{"line":42,"column":61}}},"fnMap":{"0":{"name":"(anonymous_1)","decl":{"start":{"line":10,"column":2},"end":{"line":10,"column":7}},"loc":{"start":{"line":10,"column":25},"end":{"line":10,"column":70}}},"1":{"name":"(anonymous_2)","decl":{"start":{"line":11,"column":2},"end":{"line":11,"column":7}},"loc":{"start":{"line":11,"column":27},"end":{"line":11,"column":106}}},"2":{"name":"(anonymous_3)","decl":{"start":{"line":11,"column":78},"end":{"line":11,"column":79}},"loc":{"start":{"line":11,"column":83},"end":{"line":11,"column":94}}},"3":{"name":"(anonymous_4)","decl":{"start":{"line":22,"column":19},"end":{"line":22,"column":20}},"loc":{"start":{"line":22,"column":51},"end":{"line":24,"column":1}}},"4":{"name":"(anonymous_5)","decl":{"start":{"line":27,"column":20},"end":{"line":27,"column":25}},"loc":{"start":{"line":27,"column":58},"end":{"line":44,"column":1}}}},"branchMap":{"0":{"loc":{"start":{"line":11,"column":61},"end":{"line":11,"column":103}},"type":"binary-expr","locations":[{"start":{"line":11,"column":61},"end":{"line":11,"column":95}},{"start":{"line":11,"column":99},"end":{"line":11,"column":103}}]},"1":{"loc":{"start":{"line":31,"column":2},"end":{"line":33,"column":3}},"type":"if","locations":[{"start":{"line":31,"column":2},"end":{"line":33,"column":3}},{"start":{},"end":{}}]},"2":{"loc":{"start":{"line":31,"column":6},"end":{"line":31,"column":20}},"type":"binary-expr","locations":[{"start":{"line":31,"column":6},"end":{"line":31,"column":9}},{"start":{"line":31,"column":13},"end":{"line":31,"column":20}}]},"3":{"loc":{"start":{"line":36,"column":19},"end":{"line":36,"column":67}},"type":"cond-expr","locations":[{"start":{"line":36,"column":27},"end":{"line":36,"column":43}},{"start":{"line":36,"column":46},"end":{"line":36,"column":67}}]}},"s":{"0":1,"1":1,"2":1,"3":1,"4":1,"5":0,"6":0,"7":1,"8":1,"9":1,"10":1,"11":1,"12":1,"13":1,"14":1,"15":2,"16":2,"17":1,"18":1,"19":1,"20":1,"21":1,"22":0},"f":{"0":1,"1":0,"2":0,"3":1,"4":2},"b":{"0":[0,0],"1":[1,1],"2":[2,1],"3":[1,0]}}
,"C:\\Users\\manda\\Documents\\Dossiers Manda\\Ynov\\CICD\\project_CICD\\src\\domain\\order.service.ts": {"path":"C:\\Users\\manda\\Documents\\Dossiers Manda\\Ynov\\CICD\\project_CICD\\src\\domain\\order.service.ts","statementMap":{"0":{"start":{"line":3,"column":0},"end":{"line":3,"column":41}},"1":{"start":{"line":6,"column":19},"end":{"line":6,"column":39}},"2":{"start":{"line":9,"column":22},"end":{"line":9,"column":54}},"3":{"start":{"line":12,"column":24},"end":{"line":12,"column":58}},"4":{"start":{"line":14,"column":25},"end":{"line":18,"column":6}},"5":{"start":{"line":20,"column":4},"end":{"line":20,"column":43}},"6":{"start":{"line":21,"column":4},"end":{"line":21,"column":76}},"7":{"start":{"line":23,"column":4},"end":{"line":23,"column":17}},"8":{"start":{"line":5,"column":0},"end":{"line":5,"column":13}}},"fnMap":{"0":{"name":"(anonymous_0)","decl":{"start":{"line":9,"column":2},"end":{"line":9,"column":22}},"loc":{"start":{"line":9,"column":54},"end":{"line":9,"column":58}}},"1":{"name":"(anonymous_1)","decl":{"start":{"line":11,"column":9},"end":{"line":11,"column":14}},"loc":{"start":{"line":11,"column":83},"end":{"line":24,"column":3}}}},"branchMap":{},"s":{"0":2,"1":2,"2":2,"3":2,"4":2,"5":2,"6":2,"7":2,"8":2},"f":{"0":2,"1":2},"b":{}}
,"C:\\Users\\manda\\Documents\\Dossiers Manda\\Ynov\\CICD\\project_CICD\\src\\domain\\pricing.strategy.ts": {"path":"C:\\Users\\manda\\Documents\\Dossiers Manda\\Ynov\\CICD\\project_CICD\\src\\domain\\pricing.strategy.ts","statementMap":{"0":{"start":{"line":7,"column":4},"end":{"line":7,"column":18}},"1":{"start":{"line":5,"column":0},"end":{"line":5,"column":13}},"2":{"start":{"line":13,"column":4},"end":{"line":13,"column":24}},"3":{"start":{"line":11,"column":0},"end":{"line":11,"column":13}}},"fnMap":{"0":{"name":"(anonymous_0)","decl":{"start":{"line":6,"column":2},"end":{"line":6,"column":16}},"loc":{"start":{"line":6,"column":31},"end":{"line":8,"column":3}}},"1":{"name":"(anonymous_1)","decl":{"start":{"line":12,"column":2},"end":{"line":12,"column":16}},"loc":{"start":{"line":12,"column":31},"end":{"line":14,"column":3}}}},"branchMap":{},"s":{"0":0,"1":2,"2":2,"3":2},"f":{"0":0,"1":2},"b":{}}
}
