TN:
SF:src\app.ts
FN:10,(anonymous_1)
FN:11,(anonymous_2)
FN:11,(anonymous_3)
FN:22,(anonymous_4)
FN:27,(anonymous_5)
FNF:5
FNH:3
FNDA:1,(anonymous_1)
FNDA:0,(anonymous_2)
FNDA:0,(anonymous_3)
FNDA:1,(anonymous_4)
FNDA:2,(anonymous_5)
DA:1,1
DA:2,1
DA:3,1
DA:9,1
DA:10,1
DA:11,0
DA:14,1
DA:15,1
DA:17,1
DA:18,1
DA:22,1
DA:23,1
DA:27,1
DA:28,2
DA:31,2
DA:32,1
DA:36,1
DA:38,1
DA:39,1
DA:40,1
DA:42,0
DA:46,1
LF:22
LH:20
BRDA:11,0,0,0
BRDA:11,0,1,0
BRDA:31,1,0,1
BRDA:31,1,1,1
BRDA:31,2,0,2
BRDA:31,2,1,1
BRDA:36,3,0,1
BRDA:36,3,1,0
BRF:8
BRH:5
end_of_record
TN:
SF:src\domain\order.service.ts
FN:9,(anonymous_0)
FN:11,(anonymous_1)
FNF:2
FNH:2
FNDA:2,(anonymous_0)
FNDA:2,(anonymous_1)
DA:3,2
DA:5,2
DA:6,2
DA:9,2
DA:12,2
DA:14,2
DA:20,2
DA:21,2
DA:23,2
LF:9
LH:9
BRF:0
BRH:0
end_of_record
TN:
SF:src\domain\pricing.strategy.ts
FN:6,(anonymous_0)
FN:12,(anonymous_1)
FNF:2
FNH:1
FNDA:0,(anonymous_0)
FNDA:2,(anonymous_1)
DA:5,2
DA:7,0
DA:11,2
DA:13,2
LF:4
LH:3
BRF:0
BRH:0
end_of_record
